<?xml version="1.0" encoding="UTF-8"?>
<!-- Generated by org.testng.reporters.JUnitXMLReporter -->
<testsuite ignored="13" hostname="LAPTOP-5HE953J4" failures="0" tests="1" name="Default test" time="4.889" errors="0" timestamp="2024-06-17T16:57:54 IST">
  <testcase classname="restAssured.DummyWebsite" name="loginToGetToken" time="4.765"/>
  <testcase classname="restAssured.DummyWebsite" name="getAllProducts" time="0.0">
    <ignored/>
  </testcase> <!-- getAllProducts -->
  <testcase classname="restAssured.DummyWebsite" name="sorttheProduct" time="0.0">
    <ignored/>
  </testcase> <!-- sorttheProduct -->
  <testcase classname="restAssured.DummyWebsite" name="refreshAuthSession" time="0.0">
    <ignored/>
  </testcase> <!-- refreshAuthSession -->
  <testcase classname="restAssured.DummyWebsite" name="getaSingleProduct" time="0.0">
    <ignored/>
  </testcase> <!-- getaSingleProduct -->
  <testcase classname="restAssured.DummyWebsite" name="getProductCategoryList" time="0.0">
    <ignored/>
  </testcase> <!-- getProductCategoryList -->
  <testcase classname="restAssured.DummyWebsite" name="limitandskipaProduct" time="0.0">
    <ignored/>
  </testcase> <!-- limitandskipaProduct -->
  <testcase classname="restAssured.DummyWebsite" name="DeleteAProduct" time="0.0">
    <ignored/>
  </testcase> <!-- DeleteAProduct -->
  <testcase classname="restAssured.DummyWebsite" name="updateAProduct" time="0.0">
    <ignored/>
  </testcase> <!-- updateAProduct -->
  <testcase classname="restAssured.DummyWebsite" name="getAlltheProduct" time="0.0">
    <ignored/>
  </testcase> <!-- getAlltheProduct -->
  <testcase classname="restAssured.DummyWebsite" name="getProductBycategory" time="0.0">
    <ignored/>
  </testcase> <!-- getProductBycategory -->
  <testcase classname="restAssured.DummyWebsite" name="AddAProduct" time="0.0">
    <ignored/>
  </testcase> <!-- AddAProduct -->
  <testcase classname="restAssured.DummyWebsite" name="getAuthUser" time="0.0">
    <ignored/>
  </testcase> <!-- getAuthUser -->
  <testcase classname="restAssured.DummyWebsite" name="searchForAproduct" time="0.0">
    <ignored/>
  </testcase> <!-- searchForAproduct -->
</testsuite> <!-- Default test -->
