<?xml version="1.0" encoding="UTF-8"?>
<testng-results ignored="13" total="14" passed="1" failed="0" skipped="0">
  <reporter-output>
  </reporter-output>
  <suite started-at="2024-06-17T16:57:49 IST" name="Default suite" finished-at="2024-06-17T16:57:54 IST" duration-ms="4889">
    <groups>
    </groups>
    <test started-at="2024-06-17T16:57:49 IST" name="Default test" finished-at="2024-06-17T16:57:54 IST" duration-ms="4889">
      <class name="restAssured.DummyWebsite">
        <test-method signature="loginToGetToken()[pri:0, instance:restAssured.DummyWebsite@82de64a]" started-at="2024-06-17T16:57:49 IST" name="loginToGetToken" finished-at="2024-06-17T16:57:54 IST" duration-ms="4765" status="PASS">
          <reporter-output>
          </reporter-output>
        </test-method> <!-- loginToGetToken -->
      </class> <!-- restAssured.DummyWebsite -->
    </test> <!-- Default test -->
  </suite> <!-- Default suite -->
</testng-results>
